[main] 2021-08-15 23:42:40 INFO  com.app.Main  - Welcome to Quick Shop App
[main] 2021-08-15 23:42:40 INFO  com.app.Main  - -----------------------------
[main] 2021-08-15 23:42:40 INFO  com.app.Main  - 
What you wish to do today?
[main] 2021-08-15 23:42:40 INFO  com.app.Main  - 1)Login as Customer
[main] 2021-08-15 23:42:40 INFO  com.app.Main  - 2)Register as New Customer
[main] 2021-08-15 23:42:40 INFO  com.app.Main  - 3)Login as Employee
[main] 2021-08-15 23:42:40 INFO  com.app.Main  - 4)Exit
[main] 2021-08-15 23:44:28 INFO  com.app.Main  - Welcome to Quick Shop App
[main] 2021-08-15 23:44:28 INFO  com.app.Main  - -----------------------------
[main] 2021-08-15 23:44:28 INFO  com.app.Main  - 
-----Login Page-------
[main] 2021-08-15 23:44:28 INFO  com.app.Main  - 1)Login as Customer
[main] 2021-08-15 23:44:28 INFO  com.app.Main  - 2)Register as New Customer
[main] 2021-08-15 23:44:28 INFO  com.app.Main  - 3)Login as Employee
[main] 2021-08-15 23:44:28 INFO  com.app.Main  - 4)Exit
[main] 2021-08-15 23:44:57 INFO  com.app.Main  - Welcome to Quick Shop App
[main] 2021-08-15 23:44:57 INFO  com.app.Main  - -----------------------------
[main] 2021-08-15 23:44:57 INFO  com.app.Main  - 
-------Login Page-------
[main] 2021-08-15 23:44:57 INFO  com.app.Main  - 1)Login as Customer
[main] 2021-08-15 23:44:57 INFO  com.app.Main  - 2)Register as New Customer
[main] 2021-08-15 23:44:57 INFO  com.app.Main  - 3)Login as Employee
[main] 2021-08-15 23:44:57 INFO  com.app.Main  - 4)Exit
[main] 2021-08-15 23:45:12 INFO  com.app.Main  - Welcome to Quick Shop App
[main] 2021-08-15 23:45:12 INFO  com.app.Main  - -----------------------------
[main] 2021-08-15 23:45:12 INFO  com.app.Main  - 
------Login Page------
[main] 2021-08-15 23:45:12 INFO  com.app.Main  - 1)Login as Customer
[main] 2021-08-15 23:45:12 INFO  com.app.Main  - 2)Register as New Customer
[main] 2021-08-15 23:45:12 INFO  com.app.Main  - 3)Login as Employee
[main] 2021-08-15 23:45:12 INFO  com.app.Main  - 4)Exit
[main] 2021-08-16 07:57:42 INFO  com.app.Main  - Welcome to Quick Shop App
[main] 2021-08-16 07:57:42 INFO  com.app.Main  - -----------------------------
[main] 2021-08-16 07:57:42 INFO  com.app.Main  - 
------Login Page------
[main] 2021-08-16 07:57:42 INFO  com.app.Main  - 1)Login as Customer
[main] 2021-08-16 07:57:42 INFO  com.app.Main  - 2)Register as New Customer
[main] 2021-08-16 07:57:42 INFO  com.app.Main  - 3)Login as Employee
[main] 2021-08-16 07:57:42 INFO  com.app.Main  - 4)Exit
[main] 2021-08-16 07:57:42 WARN  com.app.Main  - plese choose a valid option from 1-4 and retry...
[main] 2021-08-16 07:59:09 INFO  com.app.Main  - Welcome to Quick Shop App
[main] 2021-08-16 07:59:09 INFO  com.app.Main  - -----------------------------
[main] 2021-08-16 07:59:09 INFO  com.app.Main  - 
------Login Page------
[main] 2021-08-16 07:59:09 INFO  com.app.Main  - 1)Login as Customer
[main] 2021-08-16 07:59:09 INFO  com.app.Main  - 2)Register as New Customer
[main] 2021-08-16 07:59:09 INFO  com.app.Main  - 3)Login as Employee
[main] 2021-08-16 07:59:09 INFO  com.app.Main  - 4)Exit
[main] 2021-08-16 07:59:09 WARN  com.app.Main  - please make a chocie from 1-4
[main] 2021-08-16 08:06:52 INFO  com.app.Main  - Welcome to Quick Shop App
[main] 2021-08-16 08:06:52 INFO  com.app.Main  - -----------------------------
[main] 2021-08-16 08:06:52 INFO  com.app.Main  - 
------Login Page------
[main] 2021-08-16 08:06:52 INFO  com.app.Main  - 1)Login as Customer
[main] 2021-08-16 08:06:52 INFO  com.app.Main  - 2)Register as New Customer
[main] 2021-08-16 08:06:52 INFO  com.app.Main  - 3)Login as Employee
[main] 2021-08-16 08:06:52 INFO  com.app.Main  - 4)Exit
[main] 2021-08-16 08:07:09 INFO  com.app.Main  - Welcome to Quick Shop App
[main] 2021-08-16 08:07:09 INFO  com.app.Main  - -----------------------------
[main] 2021-08-16 08:07:09 INFO  com.app.Main  - 
------Login Page------
[main] 2021-08-16 08:07:09 INFO  com.app.Main  - 1)Login as Customer
[main] 2021-08-16 08:07:09 INFO  com.app.Main  - 2)Register as New Customer
[main] 2021-08-16 08:07:09 INFO  com.app.Main  - 3)Login as Employee
[main] 2021-08-16 08:07:09 INFO  com.app.Main  - 4)Exit
[main] 2021-08-16 08:08:28 INFO  com.app.Main  - Welcome to Quick Shop App
[main] 2021-08-16 08:08:28 INFO  com.app.Main  - -----------------------------
[main] 2021-08-16 08:08:28 INFO  com.app.Main  - 
------Login Page------
[main] 2021-08-16 08:08:28 INFO  com.app.Main  - 1)Login as Customer
[main] 2021-08-16 08:08:28 INFO  com.app.Main  - 2)Register as New Customer
[main] 2021-08-16 08:08:28 INFO  com.app.Main  - 3)Login as Employee
[main] 2021-08-16 08:08:28 INFO  com.app.Main  - 4)Exit
[main] 2021-08-16 08:08:32 WARN  com.app.Main  - plese choose a valid option from 1-4 and retry...
[main] 2021-08-16 08:09:05 INFO  com.app.Main  - Welcome to Quick Shop App
[main] 2021-08-16 08:09:05 INFO  com.app.Main  - -----------------------------
[main] 2021-08-16 08:09:05 INFO  com.app.Main  - 
------Login Page------
[main] 2021-08-16 08:09:05 INFO  com.app.Main  - 1)Login as Customer
[main] 2021-08-16 08:09:05 INFO  com.app.Main  - 2)Register as New Customer
[main] 2021-08-16 08:09:05 INFO  com.app.Main  - 3)Login as Employee
[main] 2021-08-16 08:09:05 INFO  com.app.Main  - 4)Exit
[main] 2021-08-16 08:09:10 WARN  com.app.Main  - plese choose a valid option from 1-4 and retry...
[main] 2021-08-16 08:09:10 INFO  com.app.Main  - 
------Login Page------
[main] 2021-08-16 08:09:10 INFO  com.app.Main  - 1)Login as Customer
[main] 2021-08-16 08:09:10 INFO  com.app.Main  - 2)Register as New Customer
[main] 2021-08-16 08:09:10 INFO  com.app.Main  - 3)Login as Employee
[main] 2021-08-16 08:09:10 INFO  com.app.Main  - 4)Exit
[main] 2021-08-16 08:09:18 WARN  com.app.Main  - plese choose a valid option from 1-4 and retry...
[main] 2021-08-16 08:09:18 INFO  com.app.Main  - 
------Login Page------
[main] 2021-08-16 08:09:18 INFO  com.app.Main  - 1)Login as Customer
[main] 2021-08-16 08:09:18 INFO  com.app.Main  - 2)Register as New Customer
[main] 2021-08-16 08:09:18 INFO  com.app.Main  - 3)Login as Employee
[main] 2021-08-16 08:09:18 INFO  com.app.Main  - 4)Exit
[main] 2021-08-16 08:09:24 INFO  com.app.Main  - under construction
[main] 2021-08-16 08:09:24 INFO  com.app.Main  - 
------Login Page------
[main] 2021-08-16 08:09:24 INFO  com.app.Main  - 1)Login as Customer
[main] 2021-08-16 08:09:24 INFO  com.app.Main  - 2)Register as New Customer
[main] 2021-08-16 08:09:24 INFO  com.app.Main  - 3)Login as Employee
[main] 2021-08-16 08:09:24 INFO  com.app.Main  - 4)Exit
[main] 2021-08-16 08:09:31 INFO  com.app.Main  - under construction
[main] 2021-08-16 08:09:31 INFO  com.app.Main  - 
------Login Page------
[main] 2021-08-16 08:09:31 INFO  com.app.Main  - 1)Login as Customer
[main] 2021-08-16 08:09:31 INFO  com.app.Main  - 2)Register as New Customer
[main] 2021-08-16 08:09:31 INFO  com.app.Main  - 3)Login as Employee
[main] 2021-08-16 08:09:31 INFO  com.app.Main  - 4)Exit
[main] 2021-08-16 08:09:33 INFO  com.app.Main  - under construction
[main] 2021-08-16 08:09:33 INFO  com.app.Main  - 
------Login Page------
[main] 2021-08-16 08:09:33 INFO  com.app.Main  - 1)Login as Customer
[main] 2021-08-16 08:09:33 INFO  com.app.Main  - 2)Register as New Customer
[main] 2021-08-16 08:09:33 INFO  com.app.Main  - 3)Login as Employee
[main] 2021-08-16 08:09:33 INFO  com.app.Main  - 4)Exit
[main] 2021-08-16 08:09:34 INFO  com.app.Main  - Thank u for using the app
[main] 2021-08-16 08:54:58 INFO  com.app.Main  - Welcome to Quick Shop App
[main] 2021-08-16 08:54:58 INFO  com.app.Main  - -----------------------------
[main] 2021-08-16 08:54:58 INFO  com.app.Main  - 
------Main menu------
[main] 2021-08-16 08:54:58 INFO  com.app.Main  - 1)Login as Customer
[main] 2021-08-16 08:54:58 INFO  com.app.Main  - 2)Register as New Customer
[main] 2021-08-16 08:54:58 INFO  com.app.Main  - 3)Login as Employee
[main] 2021-08-16 08:54:58 INFO  com.app.Main  - 4)Exit
[main] 2021-08-16 08:55:08 INFO  com.app.Main  - ------Login Page------
[main] 2021-08-16 08:55:08 INFO  com.app.Main  - 1.Login in with mail
[main] 2021-08-16 08:55:08 INFO  com.app.Main  - 2.login with Mobilenumber
[main] 2021-08-16 08:55:08 INFO  com.app.Main  - 3.login in with Username
[main] 2021-08-16 08:55:08 INFO  com.app.Main  - 4.Back to main menu
[main] 2021-08-16 08:55:16 INFO  com.app.Main  - Loading...
[main] 2021-08-16 08:55:16 INFO  com.app.Main  - 1.Login in with mail
[main] 2021-08-16 08:55:16 INFO  com.app.Main  - 2.login with Mobilenumber
[main] 2021-08-16 08:55:16 INFO  com.app.Main  - 3.login in with Username
[main] 2021-08-16 08:55:16 INFO  com.app.Main  - 4.Back to main menu
[main] 2021-08-16 08:55:19 INFO  com.app.Main  - Loading...
[main] 2021-08-16 08:55:19 INFO  com.app.Main  - 1.Login in with mail
[main] 2021-08-16 08:55:19 INFO  com.app.Main  - 2.login with Mobilenumber
[main] 2021-08-16 08:55:19 INFO  com.app.Main  - 3.login in with Username
[main] 2021-08-16 08:55:19 INFO  com.app.Main  - 4.Back to main menu
[main] 2021-08-16 08:55:19 INFO  com.app.Main  - Loading...
[main] 2021-08-16 08:55:19 INFO  com.app.Main  - 
------Main menu------
[main] 2021-08-16 08:55:19 INFO  com.app.Main  - 1)Login as Customer
[main] 2021-08-16 08:55:19 INFO  com.app.Main  - 2)Register as New Customer
[main] 2021-08-16 08:55:19 INFO  com.app.Main  - 3)Login as Employee
[main] 2021-08-16 08:55:19 INFO  com.app.Main  - 4)Exit
[main] 2021-08-16 08:55:22 INFO  com.app.Main  - under construction
[main] 2021-08-16 08:55:22 INFO  com.app.Main  - 
------Main menu------
[main] 2021-08-16 08:55:22 INFO  com.app.Main  - 1)Login as Customer
[main] 2021-08-16 08:55:22 INFO  com.app.Main  - 2)Register as New Customer
[main] 2021-08-16 08:55:22 INFO  com.app.Main  - 3)Login as Employee
[main] 2021-08-16 08:55:22 INFO  com.app.Main  - 4)Exit
[main] 2021-08-16 08:56:27 INFO  com.app.Main  - Welcome to Quick Shop App
[main] 2021-08-16 08:56:27 INFO  com.app.Main  - -----------------------------
[main] 2021-08-16 08:56:27 INFO  com.app.Main  - 
------Main menu------
[main] 2021-08-16 08:56:27 INFO  com.app.Main  - 1)Login as Customer
[main] 2021-08-16 08:56:27 INFO  com.app.Main  - 2)Register as New Customer
[main] 2021-08-16 08:56:27 INFO  com.app.Main  - 3)Login as Employee
[main] 2021-08-16 08:56:27 INFO  com.app.Main  - 4)Exit
[main] 2021-08-16 08:56:33 INFO  com.app.Main  - ------Login Page------
[main] 2021-08-16 08:56:33 INFO  com.app.Main  - 1.Login in with mail
[main] 2021-08-16 08:56:33 INFO  com.app.Main  - 2.login with Mobilenumber
[main] 2021-08-16 08:56:33 INFO  com.app.Main  - 3.login in with Username
[main] 2021-08-16 08:56:33 INFO  com.app.Main  - 4.Back to main menu
[main] 2021-08-16 08:56:37 INFO  com.app.Main  - Loading...
[main] 2021-08-16 08:56:37 INFO  com.app.Main  - 1.Login in with mail
[main] 2021-08-16 08:56:37 INFO  com.app.Main  - 2.login with Mobilenumber
[main] 2021-08-16 08:56:37 INFO  com.app.Main  - 3.login in with Username
[main] 2021-08-16 08:56:37 INFO  com.app.Main  - 4.Back to main menu
[main] 2021-08-16 08:56:39 INFO  com.app.Main  - Loading Main menu
[main] 2021-08-16 08:56:39 INFO  com.app.Main  - 
------Main menu------
[main] 2021-08-16 08:56:39 INFO  com.app.Main  - 1)Login as Customer
[main] 2021-08-16 08:56:39 INFO  com.app.Main  - 2)Register as New Customer
[main] 2021-08-16 08:56:39 INFO  com.app.Main  - 3)Login as Employee
[main] 2021-08-16 08:56:39 INFO  com.app.Main  - 4)Exit
[main] 2021-08-16 08:57:48 INFO  com.app.Main  - Welcome to Quick Shop App
[main] 2021-08-16 08:57:48 INFO  com.app.Main  - -----------------------------
[main] 2021-08-16 08:57:48 INFO  com.app.Main  - 
------Main menu------
[main] 2021-08-16 08:57:48 INFO  com.app.Main  - 1)Login as Customer
[main] 2021-08-16 08:57:48 INFO  com.app.Main  - 2)Register as New Customer
[main] 2021-08-16 08:57:48 INFO  com.app.Main  - 3)Login as Employee
[main] 2021-08-16 08:57:48 INFO  com.app.Main  - 4)Exit
[main] 2021-08-16 08:57:53 INFO  com.app.Main  - ------Login Page------
[main] 2021-08-16 08:57:53 INFO  com.app.Main  - 1.Login in with mail
[main] 2021-08-16 08:57:53 INFO  com.app.Main  - 2.login with Mobilenumber
[main] 2021-08-16 08:57:53 INFO  com.app.Main  - 3.login in with Username
[main] 2021-08-16 08:57:53 INFO  com.app.Main  - 4.Back to main menu
[main] 2021-08-16 08:57:58 INFO  com.app.Main  - Loading Main menu 
successfull
[main] 2021-08-16 08:57:58 INFO  com.app.Main  - 
------Main menu------
[main] 2021-08-16 08:57:58 INFO  com.app.Main  - 1)Login as Customer
[main] 2021-08-16 08:57:58 INFO  com.app.Main  - 2)Register as New Customer
[main] 2021-08-16 08:57:58 INFO  com.app.Main  - 3)Login as Employee
[main] 2021-08-16 08:57:58 INFO  com.app.Main  - 4)Exit
[main] 2021-08-16 08:58:17 INFO  com.app.Main  - ------Login Page------
[main] 2021-08-16 08:58:17 INFO  com.app.Main  - 1.Login in with mail
[main] 2021-08-16 08:58:17 INFO  com.app.Main  - 2.login with Mobilenumber
[main] 2021-08-16 08:58:17 INFO  com.app.Main  - 3.login in with Username
[main] 2021-08-16 08:58:17 INFO  com.app.Main  - 4.Back to main menu
[main] 2021-08-16 10:20:26 INFO  com.app.Main  - Welcome to Quick Shop App
[main] 2021-08-16 10:20:26 INFO  com.app.Main  - -----------------------------
[main] 2021-08-16 10:20:26 INFO  com.app.Main  - 
------Main menu------
[main] 2021-08-16 10:20:26 INFO  com.app.Main  - 1)Login as Customer
[main] 2021-08-16 10:20:26 INFO  com.app.Main  - 2)Register as New Customer
[main] 2021-08-16 10:20:26 INFO  com.app.Main  - 3)Login as Employee
[main] 2021-08-16 10:20:26 INFO  com.app.Main  - 4)Exit
[main] 2021-08-16 10:20:42 INFO  com.app.Main  - ------Login Page------
[main] 2021-08-16 10:20:42 INFO  com.app.Main  - 1.Login in with mail
[main] 2021-08-16 10:20:42 INFO  com.app.Main  - 2.login with Mobilenumber
[main] 2021-08-16 10:20:42 INFO  com.app.Main  - 3.Back to main menu
[main] 2021-08-16 10:20:45 INFO  com.app.Main  - Enter your Mail id
[main] 2021-08-17 12:40:09 INFO  com.app.Main  - Welcome to Quick Shop App
[main] 2021-08-17 12:40:09 INFO  com.app.Main  - -----------------------------
[main] 2021-08-17 12:40:09 INFO  com.app.Main  - 
------Main menu------
[main] 2021-08-17 12:40:09 INFO  com.app.Main  - 1)Login as Customer
[main] 2021-08-17 12:40:09 INFO  com.app.Main  - 2)Register as New Customer
[main] 2021-08-17 12:40:09 INFO  com.app.Main  - 3)Login as Employee
[main] 2021-08-17 12:40:09 INFO  com.app.Main  - 4)Exit
[main] 2021-08-17 12:40:14 INFO  com.app.Main  - under construction
[main] 2021-08-17 12:40:14 INFO  com.app.Main  - 
------Main menu------
[main] 2021-08-17 12:40:14 INFO  com.app.Main  - 1)Login as Customer
[main] 2021-08-17 12:40:14 INFO  com.app.Main  - 2)Register as New Customer
[main] 2021-08-17 12:40:14 INFO  com.app.Main  - 3)Login as Employee
[main] 2021-08-17 12:40:14 INFO  com.app.Main  - 4)Exit
[main] 2021-08-17 12:40:30 INFO  com.app.Main  - under construction
[main] 2021-08-17 12:40:30 INFO  com.app.Main  - 
------Main menu------
[main] 2021-08-17 12:40:30 INFO  com.app.Main  - 1)Login as Customer
[main] 2021-08-17 12:40:30 INFO  com.app.Main  - 2)Register as New Customer
[main] 2021-08-17 12:40:30 INFO  com.app.Main  - 3)Login as Employee
[main] 2021-08-17 12:40:30 INFO  com.app.Main  - 4)Exit
[main] 2021-08-17 12:40:33 INFO  com.app.Main  - Thank u for using the Qucik Shop app
[main] 2021-08-17 12:44:53 INFO  com.app.Main  - Welcome to Quick Shop App
[main] 2021-08-17 12:44:53 INFO  com.app.Main  - -----------------------------
[main] 2021-08-17 12:44:53 INFO  com.app.Main  - 
------Main menu------
[main] 2021-08-17 12:44:53 INFO  com.app.Main  - 1)Login as Customer
[main] 2021-08-17 12:44:53 INFO  com.app.Main  - 2)Register as New Customer
[main] 2021-08-17 12:44:53 INFO  com.app.Main  - 3)Login as Employee
[main] 2021-08-17 12:44:53 INFO  com.app.Main  - 4)Exit
[main] 2021-08-17 12:44:57 INFO  com.app.Main  - ------Registration Page------
[main] 2021-08-17 12:44:57 INFO  com.app.Main  - 1.Registration in with mail
[main] 2021-08-17 12:44:57 INFO  com.app.Main  - 2.Registration with Mobilenumber
[main] 2021-08-17 12:44:57 INFO  com.app.Main  - 3.Back to main menu
[main] 2021-08-17 12:45:01 INFO  com.app.Main  - enter your name
[main] 2021-08-17 12:45:08 INFO  com.app.Main  - Enter your Mail id
[main] 2021-08-17 12:45:13 INFO  com.app.Main  - enter your password
[main] 2021-08-17 12:45:23 INFO  com.app.Main  - 1.Registration in with mail
[main] 2021-08-17 12:45:23 INFO  com.app.Main  - 2.Registration with Mobilenumber
[main] 2021-08-17 12:45:23 INFO  com.app.Main  - 3.Back to main menu
[main] 2021-08-17 12:46:08 INFO  com.app.Main  - enter your name
[main] 2021-08-17 12:46:14 INFO  com.app.Main  - Enter your Mail id
[main] 2021-08-17 12:46:25 INFO  com.app.Main  - enter your password
[main] 2021-08-17 12:46:36 INFO  com.app.Main  - 1.Registration in with mail
[main] 2021-08-17 12:46:36 INFO  com.app.Main  - 2.Registration with Mobilenumber
[main] 2021-08-17 12:46:36 INFO  com.app.Main  - 3.Back to main menu
[main] 2021-08-17 12:47:22 INFO  com.app.Main  - Welcome to Quick Shop App
[main] 2021-08-17 12:47:22 INFO  com.app.Main  - -----------------------------
[main] 2021-08-17 12:47:22 INFO  com.app.Main  - 
------Main menu------
[main] 2021-08-17 12:47:22 INFO  com.app.Main  - 1)Login as Customer
[main] 2021-08-17 12:47:22 INFO  com.app.Main  - 2)Register as New Customer
[main] 2021-08-17 12:47:22 INFO  com.app.Main  - 3)Login as Employee
[main] 2021-08-17 12:47:22 INFO  com.app.Main  - 4)Exit
[main] 2021-08-17 12:47:24 INFO  com.app.Main  - ------Registration Page------
[main] 2021-08-17 12:47:24 INFO  com.app.Main  - 1.Registration in with mail
[main] 2021-08-17 12:47:24 INFO  com.app.Main  - 2.Registration with Mobilenumber
[main] 2021-08-17 12:47:24 INFO  com.app.Main  - 3.Back to main menu
[main] 2021-08-17 12:47:26 INFO  com.app.Main  - enter your name
[main] 2021-08-17 12:47:30 INFO  com.app.Main  - Enter your Mail id
[main] 2021-08-17 12:47:41 INFO  com.app.Main  - enter your password
[main] 2021-08-17 12:47:55 INFO  com.app.Main  - 1.Registration in with mail
[main] 2021-08-17 12:47:55 INFO  com.app.Main  - 2.Registration with Mobilenumber
[main] 2021-08-17 12:47:55 INFO  com.app.Main  - 3.Back to main menu
[main] 2021-08-17 12:50:31 INFO  com.app.Main  - Loading Main menu 
successfull
[main] 2021-08-17 12:50:31 INFO  com.app.Main  - 
------Main menu------
[main] 2021-08-17 12:50:31 INFO  com.app.Main  - 1)Login as Customer
[main] 2021-08-17 12:50:31 INFO  com.app.Main  - 2)Register as New Customer
[main] 2021-08-17 12:50:31 INFO  com.app.Main  - 3)Login as Employee
[main] 2021-08-17 12:50:31 INFO  com.app.Main  - 4)Exit
[main] 2021-08-17 12:57:25 INFO  com.app.Main  - Welcome to Quick Shop App
[main] 2021-08-17 12:57:25 INFO  com.app.Main  - -----------------------------
[main] 2021-08-17 12:57:25 INFO  com.app.Main  - 
------Main menu------
[main] 2021-08-17 12:57:25 INFO  com.app.Main  - 1)Login as Customer
[main] 2021-08-17 12:57:25 INFO  com.app.Main  - 2)Register as New Customer
[main] 2021-08-17 12:57:25 INFO  com.app.Main  - 3)Login as Employee
[main] 2021-08-17 12:57:25 INFO  com.app.Main  - 4)Exit
[main] 2021-08-17 12:57:29 INFO  com.app.Main  - ------Registration Page------
[main] 2021-08-17 12:57:29 INFO  com.app.Main  - 1.Registration in with mail
[main] 2021-08-17 12:57:29 INFO  com.app.Main  - 2.Registration with Mobilenumber
[main] 2021-08-17 12:57:29 INFO  com.app.Main  - 3.Back to main menu
[main] 2021-08-17 12:57:35 INFO  com.app.Main  - enter your name
[main] 2021-08-17 12:57:39 INFO  com.app.Main  - Enter your Mail id
[main] 2021-08-17 12:58:00 INFO  com.app.Main  - enter your password
[main] 2021-08-17 12:58:10 INFO  com.app.Main  - 1.Registration in with mail
[main] 2021-08-17 12:58:10 INFO  com.app.Main  - 2.Registration with Mobilenumber
[main] 2021-08-17 12:58:10 INFO  com.app.Main  - 3.Back to main menu
[main] 2021-08-17 13:00:00 INFO  com.app.Main  - Welcome to Quick Shop App
[main] 2021-08-17 13:00:00 INFO  com.app.Main  - -----------------------------
[main] 2021-08-17 13:00:00 INFO  com.app.Main  - 
------Main menu------
[main] 2021-08-17 13:00:00 INFO  com.app.Main  - 1)Login as Customer
[main] 2021-08-17 13:00:00 INFO  com.app.Main  - 2)Register as New Customer
[main] 2021-08-17 13:00:00 INFO  com.app.Main  - 3)Login as Employee
[main] 2021-08-17 13:00:00 INFO  com.app.Main  - 4)Exit
[main] 2021-08-17 13:00:04 INFO  com.app.Main  - ------Registration Page------
[main] 2021-08-17 13:00:04 INFO  com.app.Main  - 1.Registration in with mail
[main] 2021-08-17 13:00:04 INFO  com.app.Main  - 2.Registration with Mobilenumber
[main] 2021-08-17 13:00:04 INFO  com.app.Main  - 3.Back to main menu
[main] 2021-08-17 13:00:09 INFO  com.app.Main  - enter your name
[main] 2021-08-17 13:00:13 INFO  com.app.Main  - Enter your Mail id
[main] 2021-08-17 13:00:26 INFO  com.app.Main  - enter your password
[main] 2021-08-17 13:00:34 INFO  com.app.Main  - 1.Registration in with mail
[main] 2021-08-17 13:00:34 INFO  com.app.Main  - 2.Registration with Mobilenumber
[main] 2021-08-17 13:00:34 INFO  com.app.Main  - 3.Back to main menu
[main] 2021-08-17 13:01:20 INFO  com.app.Main  - Welcome to Quick Shop App
[main] 2021-08-17 13:01:20 INFO  com.app.Main  - -----------------------------
[main] 2021-08-17 13:01:20 INFO  com.app.Main  - 
------Main menu------
[main] 2021-08-17 13:01:20 INFO  com.app.Main  - 1)Login as Customer
[main] 2021-08-17 13:01:20 INFO  com.app.Main  - 2)Register as New Customer
[main] 2021-08-17 13:01:20 INFO  com.app.Main  - 3)Login as Employee
[main] 2021-08-17 13:01:20 INFO  com.app.Main  - 4)Exit
[main] 2021-08-17 13:01:27 INFO  com.app.Main  - ------Registration Page------
[main] 2021-08-17 13:01:27 INFO  com.app.Main  - 1.Registration in with mail
[main] 2021-08-17 13:01:27 INFO  com.app.Main  - 2.Registration with Mobilenumber
[main] 2021-08-17 13:01:27 INFO  com.app.Main  - 3.Back to main menu
[main] 2021-08-17 13:01:28 INFO  com.app.Main  - enter your name
[main] 2021-08-17 13:01:32 INFO  com.app.Main  - Enter your Mail id
[main] 2021-08-17 13:01:44 INFO  com.app.Main  - enter your password
[main] 2021-08-17 13:01:49 INFO  com.app.Main  - 1.Registration in with mail
[main] 2021-08-17 13:01:49 INFO  com.app.Main  - 2.Registration with Mobilenumber
[main] 2021-08-17 13:01:49 INFO  com.app.Main  - 3.Back to main menu
[main] 2021-08-17 13:03:22 INFO  com.app.Main  - Welcome to Quick Shop App
[main] 2021-08-17 13:03:22 INFO  com.app.Main  - -----------------------------
[main] 2021-08-17 13:03:22 INFO  com.app.Main  - 
------Main menu------
[main] 2021-08-17 13:03:22 INFO  com.app.Main  - 1)Login as Customer
[main] 2021-08-17 13:03:22 INFO  com.app.Main  - 2)Register as New Customer
[main] 2021-08-17 13:03:22 INFO  com.app.Main  - 3)Login as Employee
[main] 2021-08-17 13:03:22 INFO  com.app.Main  - 4)Exit
[main] 2021-08-17 13:03:25 INFO  com.app.Main  - ------Registration Page------
[main] 2021-08-17 13:03:25 INFO  com.app.Main  - 1.Registration in with mail
[main] 2021-08-17 13:03:25 INFO  com.app.Main  - 2.Registration with Mobilenumber
[main] 2021-08-17 13:03:25 INFO  com.app.Main  - 3.Back to main menu
[main] 2021-08-17 13:03:27 INFO  com.app.Main  - enter your name
[main] 2021-08-17 13:03:32 INFO  com.app.Main  - Enter your Mail id
[main] 2021-08-17 13:03:52 INFO  com.app.Main  - enter your password
[main] 2021-08-17 13:03:58 INFO  com.app.Main  - 1.Registration in with mail
[main] 2021-08-17 13:03:58 INFO  com.app.Main  - 2.Registration with Mobilenumber
[main] 2021-08-17 13:03:58 INFO  com.app.Main  - 3.Back to main menu
[main] 2021-08-17 13:08:34 INFO  com.app.Main  - Welcome to Quick Shop App
[main] 2021-08-17 13:08:34 INFO  com.app.Main  - -----------------------------
[main] 2021-08-17 13:08:34 INFO  com.app.Main  - 
------Main menu------
[main] 2021-08-17 13:08:34 INFO  com.app.Main  - 1)Login as Customer
[main] 2021-08-17 13:08:34 INFO  com.app.Main  - 2)Register as New Customer
[main] 2021-08-17 13:08:34 INFO  com.app.Main  - 3)Login as Employee
[main] 2021-08-17 13:08:34 INFO  com.app.Main  - 4)Exit
[main] 2021-08-17 13:08:38 INFO  com.app.Main  - ------Registration Page------
[main] 2021-08-17 13:08:38 INFO  com.app.Main  - 1.Registration in with mail
[main] 2021-08-17 13:08:38 INFO  com.app.Main  - 2.Registration with Mobilenumber
[main] 2021-08-17 13:08:38 INFO  com.app.Main  - 3.Back to main menu
[main] 2021-08-17 13:08:39 INFO  com.app.Main  - enter your name
[main] 2021-08-17 13:08:44 INFO  com.app.Main  - Enter your Mail id
[main] 2021-08-17 13:08:54 INFO  com.app.Main  - enter your password
[main] 2021-08-17 13:09:01 INFO  com.app.Main  - 1.Registration in with mail
[main] 2021-08-17 13:09:01 INFO  com.app.Main  - 2.Registration with Mobilenumber
[main] 2021-08-17 13:09:01 INFO  com.app.Main  - 3.Back to main menu
[main] 2021-08-17 13:10:53 INFO  com.app.Main  - Welcome to Quick Shop App
[main] 2021-08-17 13:10:53 INFO  com.app.Main  - -----------------------------
[main] 2021-08-17 13:10:53 INFO  com.app.Main  - 
------Main menu------
[main] 2021-08-17 13:10:53 INFO  com.app.Main  - 1)Login as Customer
[main] 2021-08-17 13:10:53 INFO  com.app.Main  - 2)Register as New Customer
[main] 2021-08-17 13:10:53 INFO  com.app.Main  - 3)Login as Employee
[main] 2021-08-17 13:10:53 INFO  com.app.Main  - 4)Exit
[main] 2021-08-17 13:10:58 INFO  com.app.Main  - ------Registration Page------
[main] 2021-08-17 13:10:58 INFO  com.app.Main  - 1.Registration in with mail
[main] 2021-08-17 13:10:58 INFO  com.app.Main  - 2.Registration with Mobilenumber
[main] 2021-08-17 13:10:58 INFO  com.app.Main  - 3.Back to main menu
[main] 2021-08-17 13:11:00 INFO  com.app.Main  - enter your name
[main] 2021-08-17 13:11:03 INFO  com.app.Main  - Enter your Mail id
[main] 2021-08-17 13:11:12 INFO  com.app.Main  - enter your password
[main] 2021-08-17 13:11:16 INFO  com.app.Main  - 1.Registration in with mail
[main] 2021-08-17 13:11:16 INFO  com.app.Main  - 2.Registration with Mobilenumber
[main] 2021-08-17 13:11:16 INFO  com.app.Main  - 3.Back to main menu
[main] 2021-08-17 13:11:57 INFO  com.app.Main  - Welcome to Quick Shop App
[main] 2021-08-17 13:11:57 INFO  com.app.Main  - -----------------------------
[main] 2021-08-17 13:11:57 INFO  com.app.Main  - 
------Main menu------
[main] 2021-08-17 13:11:57 INFO  com.app.Main  - 1)Login as Customer
[main] 2021-08-17 13:11:57 INFO  com.app.Main  - 2)Register as New Customer
[main] 2021-08-17 13:11:57 INFO  com.app.Main  - 3)Login as Employee
[main] 2021-08-17 13:11:57 INFO  com.app.Main  - 4)Exit
[main] 2021-08-17 13:12:02 INFO  com.app.Main  - ------Registration Page------
[main] 2021-08-17 13:12:02 INFO  com.app.Main  - 1.Registration in with mail
[main] 2021-08-17 13:12:02 INFO  com.app.Main  - 2.Registration with Mobilenumber
[main] 2021-08-17 13:12:02 INFO  com.app.Main  - 3.Back to main menu
[main] 2021-08-17 13:12:05 INFO  com.app.Main  - enter your name
[main] 2021-08-17 13:12:08 INFO  com.app.Main  - Enter your Mail id
[main] 2021-08-17 13:12:21 INFO  com.app.Main  - enter your password
[main] 2021-08-17 13:12:53 INFO  com.app.Main  - Registration Successfull 
please login
[main] 2021-08-17 13:12:53 INFO  com.app.Main  - 1.Registration in with mail
[main] 2021-08-17 13:12:53 INFO  com.app.Main  - 2.Registration with Mobilenumber
[main] 2021-08-17 13:12:53 INFO  com.app.Main  - 3.Back to main menu
[main] 2021-08-17 17:32:11 INFO  com.app.Main  - Welcome to Quick Shop App
[main] 2021-08-17 17:32:11 INFO  com.app.Main  - -----------------------------
[main] 2021-08-17 17:32:11 INFO  com.app.Main  - 
------Main menu------
[main] 2021-08-17 17:32:11 INFO  com.app.Main  - 1)Login as Customer
[main] 2021-08-17 17:32:11 INFO  com.app.Main  - 2)Register as New Customer
[main] 2021-08-17 17:32:11 INFO  com.app.Main  - 3)Login as Employee
[main] 2021-08-17 17:32:11 INFO  com.app.Main  - 4)Exit
[main] 2021-08-17 17:32:18 INFO  com.app.Main  - ------Registration Page------
[main] 2021-08-17 17:32:18 INFO  com.app.Main  - 1.Registration in with mail
[main] 2021-08-17 17:32:18 INFO  com.app.Main  - 2.Back to main menu
[main] 2021-08-17 17:32:26 INFO  com.app.Main  - enter your name
[main] 2021-08-17 17:32:31 INFO  com.app.Main  - Enter your Mail id
[main] 2021-08-17 17:32:53 INFO  com.app.Main  - enter your password
[main] 2021-08-17 17:32:58 INFO  com.app.Main  - 1.Registration in with mail
[main] 2021-08-17 17:32:58 INFO  com.app.Main  - 2.Back to main menu
[main] 2021-08-17 17:33:28 INFO  com.app.Main  - enter your name
[main] 2021-08-17 17:33:32 INFO  com.app.Main  - Enter your Mail id
[main] 2021-08-17 17:33:45 INFO  com.app.Main  - enter your password
[main] 2021-08-17 17:33:51 INFO  com.app.Main  - 1.Registration in with mail
[main] 2021-08-17 17:33:51 INFO  com.app.Main  - 2.Back to main menu
[main] 2021-08-17 17:34:11 INFO  com.app.Main  - Welcome to Quick Shop App
[main] 2021-08-17 17:34:11 INFO  com.app.Main  - -----------------------------
[main] 2021-08-17 17:34:11 INFO  com.app.Main  - 
------Main menu------
[main] 2021-08-17 17:34:11 INFO  com.app.Main  - 1)Login as Customer
[main] 2021-08-17 17:34:11 INFO  com.app.Main  - 2)Register as New Customer
[main] 2021-08-17 17:34:11 INFO  com.app.Main  - 3)Login as Employee
[main] 2021-08-17 17:34:11 INFO  com.app.Main  - 4)Exit
[main] 2021-08-17 17:34:17 INFO  com.app.Main  - ------Registration Page------
[main] 2021-08-17 17:34:17 INFO  com.app.Main  - 1.Registration in with mail
[main] 2021-08-17 17:34:17 INFO  com.app.Main  - 2.Back to main menu
[main] 2021-08-17 17:34:19 INFO  com.app.Main  - enter your name
[main] 2021-08-17 17:34:25 INFO  com.app.Main  - Enter your Mail id
[main] 2021-08-17 17:34:34 INFO  com.app.Main  - enter your password
[main] 2021-08-17 17:34:38 INFO  com.app.Main  - 1.Registration in with mail
[main] 2021-08-17 17:34:38 INFO  com.app.Main  - 2.Back to main menu
[main] 2021-08-17 17:44:58 INFO  com.app.Main  - Welcome to Quick Shop App
[main] 2021-08-17 17:44:58 INFO  com.app.Main  - -----------------------------
[main] 2021-08-17 17:44:58 INFO  com.app.Main  - 
------Main menu------
[main] 2021-08-17 17:44:58 INFO  com.app.Main  - 1)Login as Customer
[main] 2021-08-17 17:44:58 INFO  com.app.Main  - 2)Register as New Customer
[main] 2021-08-17 17:44:58 INFO  com.app.Main  - 3)Login as Employee
[main] 2021-08-17 17:44:58 INFO  com.app.Main  - 4)Exit
[main] 2021-08-17 17:45:15 INFO  com.app.Main  - ------Registration Page------
[main] 2021-08-17 17:45:15 INFO  com.app.Main  - 1.Registration in with mail
[main] 2021-08-17 17:45:15 INFO  com.app.Main  - 2.Back to main menu
[main] 2021-08-17 17:45:16 INFO  com.app.Main  - enter your name
[main] 2021-08-17 17:45:24 INFO  com.app.Main  - Enter your Mail id
[main] 2021-08-17 17:45:37 INFO  com.app.Main  - enter your password
[main] 2021-08-17 17:45:50 INFO  com.app.Main  - Registration Successfull 
please login
[main] 2021-08-17 17:45:50 INFO  com.app.Main  - 1.Registration in with mail
[main] 2021-08-17 17:45:50 INFO  com.app.Main  - 2.Back to main menu
[main] 2021-08-17 19:34:52 INFO  com.app.Main  - Welcome to Quick Shop App
[main] 2021-08-17 19:34:52 INFO  com.app.Main  - -----------------------------
[main] 2021-08-17 19:34:52 INFO  com.app.Main  - 
------Main menu------
[main] 2021-08-17 19:34:52 INFO  com.app.Main  - 1)Login as Customer
[main] 2021-08-17 19:34:52 INFO  com.app.Main  - 2)Register as New Customer
[main] 2021-08-17 19:34:52 INFO  com.app.Main  - 3)Login as Employee
[main] 2021-08-17 19:34:52 INFO  com.app.Main  - 4)Exit
[main] 2021-08-17 19:35:02 INFO  com.app.Main  - ------Login Page------
[main] 2021-08-17 19:35:02 INFO  com.app.Main  - Enter your gmail address
[main] 2021-08-17 19:35:17 INFO  com.app.Main  - Enter your password
[main] 2021-08-17 19:35:24 INFO  com.app.Main  - 
------Main menu------
[main] 2021-08-17 19:35:24 INFO  com.app.Main  - 1)Login as Customer
[main] 2021-08-17 19:35:24 INFO  com.app.Main  - 2)Register as New Customer
[main] 2021-08-17 19:35:24 INFO  com.app.Main  - 3)Login as Employee
[main] 2021-08-17 19:35:24 INFO  com.app.Main  - 4)Exit
[main] 2021-08-17 19:36:31 INFO  com.app.Main  - Welcome to Quick Shop App
[main] 2021-08-17 19:36:31 INFO  com.app.Main  - -----------------------------
[main] 2021-08-17 19:36:31 INFO  com.app.Main  - 
------Main menu------
[main] 2021-08-17 19:36:31 INFO  com.app.Main  - 1)Login as Customer
[main] 2021-08-17 19:36:31 INFO  com.app.Main  - 2)Register as New Customer
[main] 2021-08-17 19:36:31 INFO  com.app.Main  - 3)Login as Employee
[main] 2021-08-17 19:36:31 INFO  com.app.Main  - 4)Exit
[main] 2021-08-17 19:36:35 INFO  com.app.Main  - ------Login Page------
[main] 2021-08-17 19:36:35 INFO  com.app.Main  - Enter your gmail address
[main] 2021-08-17 19:36:46 INFO  com.app.Main  - Enter your password
[main] 2021-08-17 19:36:53 INFO  com.app.Main  - ------Login Page------
[main] 2021-08-17 19:36:53 INFO  com.app.Main  - Enter your gmail address
[main] 2021-08-17 19:38:48 INFO  com.app.Main  - Welcome to Quick Shop App
[main] 2021-08-17 19:38:48 INFO  com.app.Main  - -----------------------------
[main] 2021-08-17 19:38:48 INFO  com.app.Main  - 
------Main menu------
[main] 2021-08-17 19:38:48 INFO  com.app.Main  - 1)Login as Customer
[main] 2021-08-17 19:38:48 INFO  com.app.Main  - 2)Register as New Customer
[main] 2021-08-17 19:38:48 INFO  com.app.Main  - 3)Login as Employee
[main] 2021-08-17 19:38:48 INFO  com.app.Main  - 4)Exit
[main] 2021-08-17 19:39:07 INFO  com.app.Main  - ------Login Page------
[main] 2021-08-17 19:39:07 INFO  com.app.Main  - Enter your gmail address
[main] 2021-08-17 19:39:20 INFO  com.app.Main  - Enter your password
[main] 2021-08-17 19:39:28 INFO  com.app.Main  - 
------Main menu------
[main] 2021-08-17 19:39:28 INFO  com.app.Main  - 1)Login as Customer
[main] 2021-08-17 19:39:28 INFO  com.app.Main  - 2)Register as New Customer
[main] 2021-08-17 19:39:28 INFO  com.app.Main  - 3)Login as Employee
[main] 2021-08-17 19:39:28 INFO  com.app.Main  - 4)Exit
[main] 2021-08-17 19:40:56 INFO  com.app.Main  - Welcome to Quick Shop App
[main] 2021-08-17 19:40:56 INFO  com.app.Main  - -----------------------------
[main] 2021-08-17 19:40:56 INFO  com.app.Main  - 
------Main menu------
[main] 2021-08-17 19:40:56 INFO  com.app.Main  - 1)Login as Customer
[main] 2021-08-17 19:40:56 INFO  com.app.Main  - 2)Register as New Customer
[main] 2021-08-17 19:40:56 INFO  com.app.Main  - 3)Login as Employee
[main] 2021-08-17 19:40:56 INFO  com.app.Main  - 4)Exit
[main] 2021-08-17 19:41:00 INFO  com.app.Main  - ------Login Page------
[main] 2021-08-17 19:41:00 INFO  com.app.Main  - Enter your gmail address
[main] 2021-08-17 19:41:12 INFO  com.app.Main  - Enter your password
[main] 2021-08-17 19:41:20 INFO  com.app.Main  - 
------Main menu------
[main] 2021-08-17 19:41:20 INFO  com.app.Main  - 1)Login as Customer
[main] 2021-08-17 19:41:20 INFO  com.app.Main  - 2)Register as New Customer
[main] 2021-08-17 19:41:20 INFO  com.app.Main  - 3)Login as Employee
[main] 2021-08-17 19:41:20 INFO  com.app.Main  - 4)Exit
[main] 2021-08-18 09:40:19 INFO  com.app.Main  - Welcome to Quick Shop App
[main] 2021-08-18 09:40:19 INFO  com.app.Main  - -----------------------------
[main] 2021-08-18 09:40:19 INFO  com.app.Main  - 
------Main menu------
[main] 2021-08-18 09:40:19 INFO  com.app.Main  - 1)Login as Customer
[main] 2021-08-18 09:40:19 INFO  com.app.Main  - 2)Register as New Customer
[main] 2021-08-18 09:40:19 INFO  com.app.Main  - 3)Login as Employee
[main] 2021-08-18 09:40:19 INFO  com.app.Main  - 4)Exit
[main] 2021-08-18 09:40:26 INFO  com.app.Main  - ------Login Page------
[main] 2021-08-18 09:40:26 INFO  com.app.Main  - Enter your gmail address
[main] 2021-08-18 09:40:42 INFO  com.app.Main  - Enter your password
[main] 2021-08-18 09:40:48 INFO  com.app.Main  - 
------Main menu------
[main] 2021-08-18 09:40:48 INFO  com.app.Main  - 1)Login as Customer
[main] 2021-08-18 09:40:48 INFO  com.app.Main  - 2)Register as New Customer
[main] 2021-08-18 09:40:48 INFO  com.app.Main  - 3)Login as Employee
[main] 2021-08-18 09:40:48 INFO  com.app.Main  - 4)Exit
[main] 2021-08-18 09:40:56 INFO  com.app.Main  - ------Login Page------
[main] 2021-08-18 09:40:56 INFO  com.app.Main  - Enter your gmail address
[main] 2021-08-18 09:41:20 INFO  com.app.Main  - Enter your password
[main] 2021-08-18 09:41:35 INFO  com.app.Main  - 
------Main menu------
[main] 2021-08-18 09:41:35 INFO  com.app.Main  - 1)Login as Customer
[main] 2021-08-18 09:41:35 INFO  com.app.Main  - 2)Register as New Customer
[main] 2021-08-18 09:41:35 INFO  com.app.Main  - 3)Login as Employee
[main] 2021-08-18 09:41:35 INFO  com.app.Main  - 4)Exit
[main] 2021-08-18 09:45:33 INFO  com.app.Main  - Welcome to Quick Shop App
[main] 2021-08-18 09:45:33 INFO  com.app.Main  - -----------------------------
[main] 2021-08-18 09:45:33 INFO  com.app.Main  - 
------Main menu------
[main] 2021-08-18 09:45:33 INFO  com.app.Main  - 1)Login as Customer
[main] 2021-08-18 09:45:33 INFO  com.app.Main  - 2)Register as New Customer
[main] 2021-08-18 09:45:33 INFO  com.app.Main  - 3)Login as Employee
[main] 2021-08-18 09:45:33 INFO  com.app.Main  - 4)Exit
[main] 2021-08-18 09:45:35 INFO  com.app.Main  - ------Login Page------
[main] 2021-08-18 09:45:35 INFO  com.app.Main  - Enter your gmail address
[main] 2021-08-18 09:45:53 INFO  com.app.Main  - Enter your password
[main] 2021-08-18 09:45:59 INFO  com.app.Main  - 
------Main menu------
[main] 2021-08-18 09:45:59 INFO  com.app.Main  - 1)Login as Customer
[main] 2021-08-18 09:45:59 INFO  com.app.Main  - 2)Register as New Customer
[main] 2021-08-18 09:45:59 INFO  com.app.Main  - 3)Login as Employee
[main] 2021-08-18 09:45:59 INFO  com.app.Main  - 4)Exit
[main] 2021-08-18 09:50:20 INFO  com.app.Main  - Welcome to Quick Shop App
[main] 2021-08-18 09:50:20 INFO  com.app.Main  - -----------------------------
[main] 2021-08-18 09:50:20 INFO  com.app.Main  - 
------Main menu------
[main] 2021-08-18 09:50:20 INFO  com.app.Main  - 1)Login as Customer
[main] 2021-08-18 09:50:20 INFO  com.app.Main  - 2)Register as New Customer
[main] 2021-08-18 09:50:20 INFO  com.app.Main  - 3)Login as Employee
[main] 2021-08-18 09:50:20 INFO  com.app.Main  - 4)Exit
[main] 2021-08-18 09:50:23 INFO  com.app.Main  - ------Login Page------
[main] 2021-08-18 09:50:23 INFO  com.app.Main  - Enter your gmail address
[main] 2021-08-18 09:50:37 INFO  com.app.Main  - Enter your password
[main] 2021-08-18 09:50:46 INFO  com.app.Main  - 
------Main menu------
[main] 2021-08-18 09:50:46 INFO  com.app.Main  - 1)Login as Customer
[main] 2021-08-18 09:50:46 INFO  com.app.Main  - 2)Register as New Customer
[main] 2021-08-18 09:50:46 INFO  com.app.Main  - 3)Login as Employee
[main] 2021-08-18 09:50:46 INFO  com.app.Main  - 4)Exit
[main] 2021-08-18 09:51:08 INFO  com.app.Main  - Welcome to Quick Shop App
[main] 2021-08-18 09:51:08 INFO  com.app.Main  - -----------------------------
[main] 2021-08-18 09:51:08 INFO  com.app.Main  - 
------Main menu------
[main] 2021-08-18 09:51:08 INFO  com.app.Main  - 1)Login as Customer
[main] 2021-08-18 09:51:08 INFO  com.app.Main  - 2)Register as New Customer
[main] 2021-08-18 09:51:08 INFO  com.app.Main  - 3)Login as Employee
[main] 2021-08-18 09:51:08 INFO  com.app.Main  - 4)Exit
[main] 2021-08-18 09:51:16 INFO  com.app.Main  - ------Login Page------
[main] 2021-08-18 09:51:16 INFO  com.app.Main  - Enter your gmail address
[main] 2021-08-18 09:51:28 INFO  com.app.Main  - Enter your password
[main] 2021-08-18 09:51:36 INFO  com.app.Main  - 
------Main menu------
[main] 2021-08-18 09:51:36 INFO  com.app.Main  - 1)Login as Customer
[main] 2021-08-18 09:51:36 INFO  com.app.Main  - 2)Register as New Customer
[main] 2021-08-18 09:51:36 INFO  com.app.Main  - 3)Login as Employee
[main] 2021-08-18 09:51:36 INFO  com.app.Main  - 4)Exit
[main] 2021-08-18 09:52:10 INFO  com.app.Main  - Welcome to Quick Shop App
[main] 2021-08-18 09:52:10 INFO  com.app.Main  - -----------------------------
[main] 2021-08-18 09:52:10 INFO  com.app.Main  - 
------Main menu------
[main] 2021-08-18 09:52:10 INFO  com.app.Main  - 1)Login as Customer
[main] 2021-08-18 09:52:10 INFO  com.app.Main  - 2)Register as New Customer
[main] 2021-08-18 09:52:10 INFO  com.app.Main  - 3)Login as Employee
[main] 2021-08-18 09:52:10 INFO  com.app.Main  - 4)Exit
[main] 2021-08-18 09:53:45 INFO  com.app.Main  - Welcome to Quick Shop App
[main] 2021-08-18 09:53:45 INFO  com.app.Main  - -----------------------------
[main] 2021-08-18 09:53:45 INFO  com.app.Main  - 
------Main menu------
[main] 2021-08-18 09:53:45 INFO  com.app.Main  - 1)Login as Customer
[main] 2021-08-18 09:53:45 INFO  com.app.Main  - 2)Register as New Customer
[main] 2021-08-18 09:53:45 INFO  com.app.Main  - 3)Login as Employee
[main] 2021-08-18 09:53:45 INFO  com.app.Main  - 4)Exit
[main] 2021-08-18 09:53:48 INFO  com.app.Main  - ------Login Page------
[main] 2021-08-18 09:53:48 INFO  com.app.Main  - Enter your gmail address
[main] 2021-08-18 09:54:04 INFO  com.app.Main  - Enter your password
[main] 2021-08-18 09:54:23 INFO  com.app.Main  - 
------Main menu------
[main] 2021-08-18 09:54:23 INFO  com.app.Main  - 1)Login as Customer
[main] 2021-08-18 09:54:23 INFO  com.app.Main  - 2)Register as New Customer
[main] 2021-08-18 09:54:23 INFO  com.app.Main  - 3)Login as Employee
[main] 2021-08-18 09:54:23 INFO  com.app.Main  - 4)Exit
[main] 2021-08-18 09:56:07 INFO  com.app.Main  - Welcome to Quick Shop App
[main] 2021-08-18 09:56:07 INFO  com.app.Main  - -----------------------------
[main] 2021-08-18 09:56:07 INFO  com.app.Main  - 
------Main menu------
[main] 2021-08-18 09:56:07 INFO  com.app.Main  - 1)Login as Customer
[main] 2021-08-18 09:56:07 INFO  com.app.Main  - 2)Register as New Customer
[main] 2021-08-18 09:56:07 INFO  com.app.Main  - 3)Login as Employee
[main] 2021-08-18 09:56:07 INFO  com.app.Main  - 4)Exit
[main] 2021-08-18 09:56:09 INFO  com.app.Main  - ------Login Page------
[main] 2021-08-18 09:56:09 INFO  com.app.Main  - Enter your gmail address
[main] 2021-08-18 09:56:21 INFO  com.app.Main  - Enter your password
[main] 2021-08-18 09:56:28 INFO  com.app.Main  - 
------Main menu------
[main] 2021-08-18 09:56:28 INFO  com.app.Main  - 1)Login as Customer
[main] 2021-08-18 09:56:28 INFO  com.app.Main  - 2)Register as New Customer
[main] 2021-08-18 09:56:28 INFO  com.app.Main  - 3)Login as Employee
[main] 2021-08-18 09:56:28 INFO  com.app.Main  - 4)Exit
[main] 2021-08-18 09:59:03 INFO  com.app.Main  - Welcome to Quick Shop App
[main] 2021-08-18 09:59:03 INFO  com.app.Main  - -----------------------------
[main] 2021-08-18 09:59:03 INFO  com.app.Main  - 
------Main menu------
[main] 2021-08-18 09:59:03 INFO  com.app.Main  - 1)Login as Customer
[main] 2021-08-18 09:59:03 INFO  com.app.Main  - 2)Register as New Customer
[main] 2021-08-18 09:59:03 INFO  com.app.Main  - 3)Login as Employee
[main] 2021-08-18 09:59:03 INFO  com.app.Main  - 4)Exit
[main] 2021-08-18 09:59:05 INFO  com.app.Main  - ------Login Page------
[main] 2021-08-18 09:59:05 INFO  com.app.Main  - Enter your gmail address
[main] 2021-08-18 09:59:17 INFO  com.app.Main  - Enter your password
[main] 2021-08-18 09:59:23 INFO  com.app.Main  - Gmail or the you have entered is wrong, please check and try again...
[main] 2021-08-18 09:59:23 INFO  com.app.Main  - 
------Main menu------
[main] 2021-08-18 09:59:23 INFO  com.app.Main  - 1)Login as Customer
[main] 2021-08-18 09:59:23 INFO  com.app.Main  - 2)Register as New Customer
[main] 2021-08-18 09:59:23 INFO  com.app.Main  - 3)Login as Employee
[main] 2021-08-18 09:59:23 INFO  com.app.Main  - 4)Exit
[main] 2021-08-18 10:01:32 INFO  com.app.Main  - ------Registration Page------
[main] 2021-08-18 10:01:32 INFO  com.app.Main  - 1.Registration in with mail
[main] 2021-08-18 10:01:32 INFO  com.app.Main  - 2.Back to main menu
[main] 2021-08-18 10:01:53 INFO  com.app.Main  - Loading Main menu 
successfull
[main] 2021-08-18 10:01:53 INFO  com.app.Main  - 
------Main menu------
[main] 2021-08-18 10:01:53 INFO  com.app.Main  - 1)Login as Customer
[main] 2021-08-18 10:01:53 INFO  com.app.Main  - 2)Register as New Customer
[main] 2021-08-18 10:01:53 INFO  com.app.Main  - 3)Login as Employee
[main] 2021-08-18 10:01:53 INFO  com.app.Main  - 4)Exit
[main] 2021-08-18 10:01:55 INFO  com.app.Main  - ------Registration Page------
[main] 2021-08-18 10:01:55 INFO  com.app.Main  - 1.Registration in with mail
[main] 2021-08-18 10:01:55 INFO  com.app.Main  - 2.Back to main menu
[main] 2021-08-18 10:01:56 INFO  com.app.Main  - enter your name
[main] 2021-08-18 10:02:03 INFO  com.app.Main  - Enter your Mail id
[main] 2021-08-18 10:02:19 INFO  com.app.Main  - enter your password
[main] 2021-08-18 10:02:28 INFO  com.app.Main  - 1.Registration in with mail
[main] 2021-08-18 10:02:28 INFO  com.app.Main  - 2.Back to main menu
[main] 2021-08-18 10:02:39 INFO  com.app.Main  - enter your name
[main] 2021-08-18 10:02:46 INFO  com.app.Main  - Enter your Mail id
[main] 2021-08-18 10:02:57 INFO  com.app.Main  - enter your password
[main] 2021-08-18 10:03:14 INFO  com.app.Main  - Registration Successfull 
please login
[main] 2021-08-18 10:03:14 INFO  com.app.Main  - 1.Registration in with mail
[main] 2021-08-18 10:03:14 INFO  com.app.Main  - 2.Back to main menu
[main] 2021-08-18 10:04:23 INFO  com.app.Main  - Welcome to Quick Shop App
[main] 2021-08-18 10:04:23 INFO  com.app.Main  - -----------------------------
[main] 2021-08-18 10:04:23 INFO  com.app.Main  - 
------Main menu------
[main] 2021-08-18 10:04:23 INFO  com.app.Main  - 1)Login as Customer
[main] 2021-08-18 10:04:23 INFO  com.app.Main  - 2)Register as New Customer
[main] 2021-08-18 10:04:23 INFO  com.app.Main  - 3)Login as Employee
[main] 2021-08-18 10:04:23 INFO  com.app.Main  - 4)Exit
[main] 2021-08-18 10:04:29 INFO  com.app.Main  - ------Registration Page------
[main] 2021-08-18 10:04:29 INFO  com.app.Main  - 1.Registration with mail
[main] 2021-08-18 10:04:29 INFO  com.app.Main  - 2.Back to main menu
[main] 2021-08-18 10:04:34 INFO  com.app.Main  - enter your name
[main] 2021-08-18 10:04:42 INFO  com.app.Main  - Enter your Mail id
[main] 2021-08-18 10:04:52 INFO  com.app.Main  - enter your password
[main] 2021-08-18 10:04:58 INFO  com.app.Main  - Registration Successfull 
please login
[main] 2021-08-18 10:04:58 INFO  com.app.Main  - 
------Main menu------
[main] 2021-08-18 10:04:58 INFO  com.app.Main  - 1)Login as Customer
[main] 2021-08-18 10:04:58 INFO  com.app.Main  - 2)Register as New Customer
[main] 2021-08-18 10:04:58 INFO  com.app.Main  - 3)Login as Employee
[main] 2021-08-18 10:04:58 INFO  com.app.Main  - 4)Exit
[main] 2021-08-18 10:05:19 INFO  com.app.Main  - Welcome to Quick Shop App
[main] 2021-08-18 10:05:19 INFO  com.app.Main  - -----------------------------
[main] 2021-08-18 10:05:19 INFO  com.app.Main  - 
------Main menu------
[main] 2021-08-18 10:05:19 INFO  com.app.Main  - 1)Login as Customer
[main] 2021-08-18 10:05:19 INFO  com.app.Main  - 2)Register as New Customer
[main] 2021-08-18 10:05:19 INFO  com.app.Main  - 3)Login as Employee
[main] 2021-08-18 10:05:19 INFO  com.app.Main  - 4)Exit
[main] 2021-08-18 10:05:20 INFO  com.app.Main  - Welcome to Quick Shop App
[main] 2021-08-18 10:05:20 INFO  com.app.Main  - -----------------------------
[main] 2021-08-18 10:05:20 INFO  com.app.Main  - 
------Main menu------
[main] 2021-08-18 10:05:20 INFO  com.app.Main  - 1)Login as Customer
[main] 2021-08-18 10:05:20 INFO  com.app.Main  - 2)Register as New Customer
[main] 2021-08-18 10:05:20 INFO  com.app.Main  - 3)Login as Employee
[main] 2021-08-18 10:05:20 INFO  com.app.Main  - 4)Exit
[main] 2021-08-18 10:05:22 INFO  com.app.Main  - ------Registration Page------
[main] 2021-08-18 10:05:22 INFO  com.app.Main  - 1.Registration with mail
[main] 2021-08-18 10:05:22 INFO  com.app.Main  - 2.Back to main menu
[main] 2021-08-18 10:05:23 INFO  com.app.Main  - enter your name
[main] 2021-08-18 10:05:29 INFO  com.app.Main  - Enter your Mail id
[main] 2021-08-18 10:05:37 INFO  com.app.Main  - enter your password
[main] 2021-08-18 10:05:44 INFO  com.app.Main  - Registration Successfull 
please login
[main] 2021-08-18 10:05:44 INFO  com.app.Main  - 
------Main menu------
[main] 2021-08-18 10:05:44 INFO  com.app.Main  - 1)Login as Customer
[main] 2021-08-18 10:05:44 INFO  com.app.Main  - 2)Register as New Customer
[main] 2021-08-18 10:05:44 INFO  com.app.Main  - 3)Login as Employee
[main] 2021-08-18 10:05:44 INFO  com.app.Main  - 4)Exit
[main] 2021-08-18 10:10:00 INFO  com.app.Main  - Welcome to Quick Shop App
[main] 2021-08-18 10:10:00 INFO  com.app.Main  - -----------------------------
[main] 2021-08-18 10:10:00 INFO  com.app.Main  - 
------Main menu------
[main] 2021-08-18 10:10:00 INFO  com.app.Main  - 1)Login as Customer
[main] 2021-08-18 10:10:00 INFO  com.app.Main  - 2)Register as New Customer
[main] 2021-08-18 10:10:00 INFO  com.app.Main  - 3)Login as Employee
[main] 2021-08-18 10:10:00 INFO  com.app.Main  - 4)Exit
[main] 2021-08-18 10:10:00 INFO  com.app.Main  - Welcome to Quick Shop App
[main] 2021-08-18 10:10:00 INFO  com.app.Main  - -----------------------------
[main] 2021-08-18 10:10:00 INFO  com.app.Main  - 
------Main menu------
[main] 2021-08-18 10:10:00 INFO  com.app.Main  - 1)Login as Customer
[main] 2021-08-18 10:10:00 INFO  com.app.Main  - 2)Register as New Customer
[main] 2021-08-18 10:10:00 INFO  com.app.Main  - 3)Login as Employee
[main] 2021-08-18 10:10:00 INFO  com.app.Main  - 4)Exit
[main] 2021-08-18 10:10:03 INFO  com.app.Main  - ------Registration Page------
[main] 2021-08-18 10:10:03 INFO  com.app.Main  - 1.Registration with mail
[main] 2021-08-18 10:10:03 INFO  com.app.Main  - 2.Back to main menu
[main] 2021-08-18 10:10:04 INFO  com.app.Main  - enter your name
[main] 2021-08-18 10:10:10 INFO  com.app.Main  - Enter your Mail id
[main] 2021-08-18 10:10:22 INFO  com.app.Main  - enter your password
[main] 2021-08-18 10:10:43 INFO  com.app.Main  - 1.Registration with mail
[main] 2021-08-18 10:10:43 INFO  com.app.Main  - 2.Back to main menu
[main] 2021-08-18 10:10:56 INFO  com.app.Main  - enter your name
[main] 2021-08-18 10:11:00 INFO  com.app.Main  - Enter your Mail id
[main] 2021-08-18 10:11:14 INFO  com.app.Main  - enter your password
[main] 2021-08-18 10:11:22 INFO  com.app.Main  - 1.Registration with mail
[main] 2021-08-18 10:11:22 INFO  com.app.Main  - 2.Back to main menu
[main] 2021-08-18 10:14:56 INFO  com.app.Main  - Welcome to Quick Shop App
[main] 2021-08-18 10:14:56 INFO  com.app.Main  - -----------------------------
[main] 2021-08-18 10:14:56 INFO  com.app.Main  - 
------Main menu------
[main] 2021-08-18 10:14:56 INFO  com.app.Main  - 1)Login as Customer
[main] 2021-08-18 10:14:56 INFO  com.app.Main  - 2)Register as New Customer
[main] 2021-08-18 10:14:56 INFO  com.app.Main  - 3)Login as Employee
[main] 2021-08-18 10:14:56 INFO  com.app.Main  - 4)Exit
[main] 2021-08-18 10:14:59 INFO  com.app.Main  - ------Login Page------
[main] 2021-08-18 10:14:59 INFO  com.app.Main  - Enter your gmail address
[main] 2021-08-18 10:15:09 INFO  com.app.Main  - Enter your password
[main] 2021-08-18 10:15:17 INFO  com.app.Main  - 
------Main menu------
[main] 2021-08-18 10:15:17 INFO  com.app.Main  - 1)Login as Customer
[main] 2021-08-18 10:15:17 INFO  com.app.Main  - 2)Register as New Customer
[main] 2021-08-18 10:15:17 INFO  com.app.Main  - 3)Login as Employee
[main] 2021-08-18 10:15:17 INFO  com.app.Main  - 4)Exit
[main] 2021-08-18 10:18:12 INFO  com.app.Main  - ------Registration Page------
[main] 2021-08-18 10:18:12 INFO  com.app.Main  - 1.Registration with mail
[main] 2021-08-18 10:18:12 INFO  com.app.Main  - 2.Back to main menu
[main] 2021-08-18 10:18:24 INFO  com.app.Main  - enter your name
[main] 2021-08-18 10:18:27 INFO  com.app.Main  - Enter your Mail id
[main] 2021-08-18 10:18:38 INFO  com.app.Main  - enter your password
[main] 2021-08-18 10:19:11 INFO  com.app.Main  - Welcome to Quick Shop App
[main] 2021-08-18 10:19:11 INFO  com.app.Main  - -----------------------------
[main] 2021-08-18 10:19:11 INFO  com.app.Main  - 
------Main menu------
[main] 2021-08-18 10:19:11 INFO  com.app.Main  - 1)Login as Customer
[main] 2021-08-18 10:19:11 INFO  com.app.Main  - 2)Register as New Customer
[main] 2021-08-18 10:19:11 INFO  com.app.Main  - 3)Login as Employee
[main] 2021-08-18 10:19:11 INFO  com.app.Main  - 4)Exit
[main] 2021-08-18 10:19:13 INFO  com.app.Main  - ------Registration Page------
[main] 2021-08-18 10:19:13 INFO  com.app.Main  - 1.Registration with mail
[main] 2021-08-18 10:19:13 INFO  com.app.Main  - 2.Back to main menu
[main] 2021-08-18 10:19:15 INFO  com.app.Main  - enter your name
[main] 2021-08-18 10:19:19 INFO  com.app.Main  - Enter your Mail id
[main] 2021-08-18 10:19:28 INFO  com.app.Main  - enter your password
[main] 2021-08-18 10:19:33 INFO  com.app.Main  - 1.Registration with mail
[main] 2021-08-18 10:19:33 INFO  com.app.Main  - 2.Back to main menu
